============================================================
                        SERVER
============================================================
num clients:                  1
TCP port:                     1234
IB port:                      1
max outstanding CQEs:         16
max send work requests:       1024
max receive work requests:    1024
============================================================
1 device(s) found
Selected device: mlx5_0
num_cores: 112
physical cores per socket: 28
hyperthreading enabled
interleaved policy
Cannot bind to port 1234
============================================================
                        SERVER
============================================================
num clients:                  1
TCP port:                     1234
IB port:                      1
max outstanding CQEs:         16
max send work requests:       1024
max receive work requests:    1024
============================================================
1 device(s) found
Selected device: mlx5_0
num_cores: 112
physical cores per socket: 28
hyperthreading enabled
interleaved policy
pairing: 1663 -- 1664
[STATUS]: pinned main thread to core 28
allocation size: 10737418240
allocated ALIGNED MEM (no hugepage) at 139651330179136 with buffer size 10737418240
[STATUS]: register memory and distribute access token
[STATUS]: connect QPs of compute threads
pairing: 1665 -- 1666
pairing: 1667 -- 1668
pairing: 1669 -- 1670
pairing: 1671 -- 1672
[STATUS]: waiting for commands from compute node...
============================================================
                        SERVER
============================================================
num clients:                  1
TCP port:                     1234
IB port:                      1
max outstanding CQEs:         16
max send work requests:       1024
max receive work requests:    1024
============================================================
1 device(s) found
Selected device: mlx5_0
num_cores: 112
physical cores per socket: 28
hyperthreading enabled
interleaved policy
pairing: 5476 -- 5477
[STATUS]: pinned main thread to core 28
allocation size: 10737418240
allocated ALIGNED MEM (no hugepage) at 139790951534656 with buffer size 10737418240
[STATUS]: register memory and distribute access token
[STATUS]: connect QPs of compute threads
pairing: 5478 -- 5479
pairing: 5480 -- 5481
pairing: 5482 -- 5483
pairing: 5484 -- 5485
[STATUS]: waiting for commands from compute node...
============================================================
                        SERVER
============================================================
num clients:                  1
TCP port:                     1234
IB port:                      1
max outstanding CQEs:         16
max send work requests:       1024
max receive work requests:    1024
============================================================
1 device(s) found
Selected device: mlx5_0
num_cores: 112
physical cores per socket: 28
hyperthreading enabled
interleaved policy
pairing: 5486 -- 5487
[STATUS]: pinned main thread to core 28
allocation size: 10737418240
allocated ALIGNED MEM (no hugepage) at 140294021562432 with buffer size 10737418240
[STATUS]: register memory and distribute access token
[STATUS]: connect QPs of compute threads
pairing: 5488 -- 5489
pairing: 5490 -- 5491
pairing: 5492 -- 5493
pairing: 5494 -- 5495
[STATUS]: waiting for commands from compute node...
============================================================
                        SERVER
============================================================
num clients:                  1
TCP port:                     1234
IB port:                      1
max outstanding CQEs:         16
max send work requests:       1024
max receive work requests:    1024
============================================================
1 device(s) found
Selected device: mlx5_0
num_cores: 112
physical cores per socket: 28
hyperthreading enabled
interleaved policy
pairing: 5496 -- 5497
[STATUS]: pinned main thread to core 28
allocation size: 10737418240
allocated ALIGNED MEM (no hugepage) at 139797056946240 with buffer size 10737418240
[STATUS]: register memory and distribute access token
[STATUS]: connect QPs of compute threads
pairing: 5498 -- 5499
pairing: 5500 -- 5501
pairing: 5502 -- 5503
pairing: 5504 -- 5505
[STATUS]: waiting for commands from compute node...
============================================================
                        SERVER
============================================================
num clients:                  1
TCP port:                     1234
IB port:                      1
max outstanding CQEs:         16
max send work requests:       1024
max receive work requests:    1024
============================================================
1 device(s) found
Selected device: mlx5_0
num_cores: 112
physical cores per socket: 28
hyperthreading enabled
interleaved policy
pairing: 5506 -- 5507
[STATUS]: pinned main thread to core 28
allocation size: 10737418240
allocated ALIGNED MEM (no hugepage) at 140233266057280 with buffer size 10737418240
[STATUS]: register memory and distribute access token
[STATUS]: connect QPs of compute threads
pairing: 5508 -- 5509
pairing: 5510 -- 5511
pairing: 5512 -- 5513
pairing: 5514 -- 5515
[STATUS]: waiting for commands from compute node...
============================================================
                        SERVER
============================================================
num clients:                  1
TCP port:                     1234
IB port:                      1
max outstanding CQEs:         16
max send work requests:       1024
max receive work requests:    1024
============================================================
1 device(s) found
Selected device: mlx5_0
num_cores: 112
physical cores per socket: 28
hyperthreading enabled
interleaved policy
pairing: 5592 -- 5591
[STATUS]: pinned main thread to core 28
allocation size: 10737418240
allocated ALIGNED MEM (no hugepage) at 140325650808896 with buffer size 10737418240
[STATUS]: register memory and distribute access token
[STATUS]: connect QPs of compute threads
pairing: 5593 -- 5594
pairing: 5595 -- 5596
pairing: 5597 -- 5598
pairing: 5599 -- 5600
[STATUS]: waiting for commands from compute node...
============================================================
                        SERVER
============================================================
num clients:                  1
TCP port:                     1234
IB port:                      1
max outstanding CQEs:         16
max send work requests:       1024
max receive work requests:    1024
============================================================
1 device(s) found
Selected device: mlx5_0
num_cores: 112
physical cores per socket: 28
hyperthreading enabled
interleaved policy
pairing: 5601 -- 5602
[STATUS]: pinned main thread to core 28
allocation size: 10737418240
allocated ALIGNED MEM (no hugepage) at 139730985160768 with buffer size 10737418240
[STATUS]: register memory and distribute access token
[STATUS]: connect QPs of compute threads
pairing: 5603 -- 5604
pairing: 5605 -- 5606
pairing: 5607 -- 5608
pairing: 5609 -- 5610
[STATUS]: waiting for commands from compute node...
============================================================
                        SERVER
============================================================
num clients:                  1
TCP port:                     1234
IB port:                      1
max outstanding CQEs:         16
max send work requests:       1024
max receive work requests:    1024
============================================================
1 device(s) found
Selected device: mlx5_0
num_cores: 112
physical cores per socket: 28
hyperthreading enabled
interleaved policy
pairing: 5611 -- 5612
[STATUS]: pinned main thread to core 28
allocation size: 10737418240
allocated ALIGNED MEM (no hugepage) at 139968683208768 with buffer size 10737418240
[STATUS]: register memory and distribute access token
[STATUS]: connect QPs of compute threads
pairing: 5613 -- 5614
pairing: 5615 -- 5616
pairing: 5617 -- 5618
pairing: 5619 -- 5620
[STATUS]: waiting for commands from compute node...
============================================================
                        SERVER
============================================================
num clients:                  1
TCP port:                     1234
IB port:                      1
max outstanding CQEs:         16
max send work requests:       1024
max receive work requests:    1024
============================================================
1 device(s) found
Selected device: mlx5_0
num_cores: 112
physical cores per socket: 28
hyperthreading enabled
interleaved policy
pairing: 5621 -- 5622
[STATUS]: pinned main thread to core 28
allocation size: 10737418240
allocated ALIGNED MEM (no hugepage) at 140399388770368 with buffer size 10737418240
[STATUS]: register memory and distribute access token
[STATUS]: connect QPs of compute threads
pairing: 5623 -- 5624
pairing: 5625 -- 5626
pairing: 5627 -- 5628
pairing: 5629 -- 5630
[STATUS]: waiting for commands from compute node...
============================================================
                        SERVER
============================================================
num clients:                  1
TCP port:                     1234
IB port:                      1
max outstanding CQEs:         16
max send work requests:       1024
max receive work requests:    1024
============================================================
1 device(s) found
Selected device: mlx5_0
num_cores: 112
physical cores per socket: 28
hyperthreading enabled
interleaved policy
pairing: 5842 -- 5841
[STATUS]: pinned main thread to core 28
allocation size: 10737418240
allocated ALIGNED MEM (no hugepage) at 140375669702720 with buffer size 10737418240
[STATUS]: register memory and distribute access token
[STATUS]: connect QPs of compute threads
pairing: 5843 -- 5844
pairing: 5845 -- 5846
pairing: 5847 -- 5848
pairing: 5849 -- 5850
[STATUS]: waiting for commands from compute node...
============================================================
                        SERVER
============================================================
num clients:                  1
TCP port:                     1234
IB port:                      1
max outstanding CQEs:         16
max send work requests:       1024
max receive work requests:    1024
============================================================
1 device(s) found
Selected device: mlx5_0
num_cores: 112
physical cores per socket: 28
hyperthreading enabled
interleaved policy
pairing: 5851 -- 5852
[STATUS]: pinned main thread to core 28
allocation size: 10737418240
allocated ALIGNED MEM (no hugepage) at 140112015347776 with buffer size 10737418240
[STATUS]: register memory and distribute access token
[STATUS]: connect QPs of compute threads
pairing: 5853 -- 5854
pairing: 5855 -- 5856
pairing: 5857 -- 5858
pairing: 5859 -- 5860
[STATUS]: waiting for commands from compute node...
============================================================
                        SERVER
============================================================
num clients:                  1
TCP port:                     1234
IB port:                      1
max outstanding CQEs:         16
max send work requests:       1024
max receive work requests:    1024
============================================================
1 device(s) found
Selected device: mlx5_0
num_cores: 112
physical cores per socket: 28
hyperthreading enabled
interleaved policy
pairing: 5862 -- 5861
[STATUS]: pinned main thread to core 28
allocation size: 10737418240
allocated ALIGNED MEM (no hugepage) at 140580894769216 with buffer size 10737418240
[STATUS]: register memory and distribute access token
[STATUS]: connect QPs of compute threads
pairing: 5863 -- 5864
pairing: 5865 -- 5866
pairing: 5867 -- 5868
pairing: 5869 -- 5870
[STATUS]: waiting for commands from compute node...
============================================================
                        SERVER
============================================================
num clients:                  1
TCP port:                     1234
IB port:                      1
max outstanding CQEs:         16
max send work requests:       1024
max receive work requests:    1024
============================================================
1 device(s) found
Selected device: mlx5_0
num_cores: 112
physical cores per socket: 28
hyperthreading enabled
interleaved policy
pairing: 5872 -- 5871
[STATUS]: pinned main thread to core 28
allocation size: 10737418240
allocated ALIGNED MEM (no hugepage) at 139645863571520 with buffer size 10737418240
[STATUS]: register memory and distribute access token
[STATUS]: connect QPs of compute threads
pairing: 5873 -- 5874
pairing: 5875 -- 5876
pairing: 5877 -- 5878
pairing: 5879 -- 5880
[STATUS]: waiting for commands from compute node...
============================================================
                        SERVER
============================================================
num clients:                  1
TCP port:                     1234
IB port:                      1
max outstanding CQEs:         16
max send work requests:       1024
max receive work requests:    1024
============================================================
1 device(s) found
Selected device: mlx5_0
num_cores: 112
physical cores per socket: 28
hyperthreading enabled
interleaved policy
pairing: 5882 -- 5881
[STATUS]: pinned main thread to core 28
allocation size: 10737418240
allocated ALIGNED MEM (no hugepage) at 140642905182272 with buffer size 10737418240
[STATUS]: register memory and distribute access token
[STATUS]: connect QPs of compute threads
pairing: 5883 -- 5884
pairing: 5885 -- 5886
pairing: 5887 -- 5888
pairing: 5889 -- 5890
[STATUS]: waiting for commands from compute node...
